<?xml version="1.0" encoding="utf-8"?><testsuites name="pytest tests"><testsuite name="pytest" errors="0" failures="1" skipped="0" tests="17" time="5.580" timestamp="2026-02-23T15:14:42.413799+00:00" hostname="agent-env-2370ee83-eb40-4bea-b9c3-527911552620"><testcase classname="backend.tests.test_auth.TestSignup" name="test_signup_success_returns_token_and_user" time="0.548" /><testcase classname="backend.tests.test_auth.TestSignup" name="test_signup_duplicate_email_returns_409" time="0.589" /><testcase classname="backend.tests.test_auth.TestSignup" name="test_signup_short_password_returns_400" time="0.174" /><testcase classname="backend.tests.test_auth.TestSignup" name="test_signup_invalid_email_format" time="0.170" /><testcase classname="backend.tests.test_auth.TestLogin" name="test_login_valid_credentials_returns_token" time="0.387" /><testcase classname="backend.tests.test_auth.TestLogin" name="test_login_wrong_password_returns_401" time="0.418" /><testcase classname="backend.tests.test_auth.TestLogin" name="test_login_nonexistent_email_returns_401" time="0.142" /><testcase classname="backend.tests.test_auth.TestLogin" name="test_login_after_signup" time="0.741" /><testcase classname="backend.tests.test_auth.TestTokenVerification" name="test_me_with_valid_token_returns_user" time="0.506" /><testcase classname="backend.tests.test_auth.TestTokenVerification" name="test_me_without_token_returns_401_or_403" time="0.170" /><testcase classname="backend.tests.test_auth.TestTokenVerification" name="test_me_with_invalid_token_returns_401" time="0.145" /><testcase classname="backend.tests.test_auth.TestProtectedRoutes" name="test_conversations_without_token_returns_401_or_403" time="0.129" /><testcase classname="backend.tests.test_auth.TestProtectedRoutes" name="test_conversations_with_valid_token_returns_user_data" time="0.511" /><testcase classname="backend.tests.test_auth.TestProtectedRoutes" name="test_vocabulary_without_token_returns_401_or_403" time="0.117" /><testcase classname="backend.tests.test_auth.TestProtectedRoutes" name="test_progress_without_token_returns_401_or_403" time="0.116" /><testcase classname="backend.tests.test_auth.TestProtectedRoutes" name="test_create_conversation_requires_auth" time="0.129" /><testcase classname="backend.tests.test_auth.TestUserDataIsolation" name="test_user_sees_only_own_conversations" time="0.485"><failure message="AssertionError: User 2 signup failed: {&quot;detail&quot;:&quot;Email already registered&quot;}&#10;assert 409 == 200&#10; +  where 409 = &lt;Response [409]&gt;.status_code">backend/tests/test_auth.py:292: in test_user_sees_only_own_conversations
    assert resp2.status_code == 200, f"User 2 signup failed: {resp2.text}"
E   AssertionError: User 2 signup failed: {"detail":"Email already registered"}
E   assert 409 == 200
E    +  where 409 = &lt;Response [409]&gt;.status_code</failure></testcase></testsuite></testsuites>