<?xml version="1.0" encoding="utf-8"?><testsuites name="pytest tests"><testsuite name="pytest" errors="0" failures="0" skipped="0" tests="17" time="6.053" timestamp="2026-02-23T15:17:03.487293+00:00" hostname="agent-env-2370ee83-eb40-4bea-b9c3-527911552620"><testcase classname="backend.tests.test_auth.TestSignup" name="test_signup_success_returns_token_and_user" time="0.377" /><testcase classname="backend.tests.test_auth.TestSignup" name="test_signup_duplicate_email_returns_409" time="0.542" /><testcase classname="backend.tests.test_auth.TestSignup" name="test_signup_short_password_returns_400" time="0.154" /><testcase classname="backend.tests.test_auth.TestSignup" name="test_signup_invalid_email_format" time="0.172" /><testcase classname="backend.tests.test_auth.TestLogin" name="test_login_valid_credentials_returns_token" time="0.344" /><testcase classname="backend.tests.test_auth.TestLogin" name="test_login_wrong_password_returns_401" time="0.394" /><testcase classname="backend.tests.test_auth.TestLogin" name="test_login_nonexistent_email_returns_401" time="0.120" /><testcase classname="backend.tests.test_auth.TestLogin" name="test_login_after_signup" time="0.729" /><testcase classname="backend.tests.test_auth.TestTokenVerification" name="test_me_with_valid_token_returns_user" time="0.587" /><testcase classname="backend.tests.test_auth.TestTokenVerification" name="test_me_without_token_returns_401_or_403" time="0.181" /><testcase classname="backend.tests.test_auth.TestTokenVerification" name="test_me_with_invalid_token_returns_401" time="0.141" /><testcase classname="backend.tests.test_auth.TestProtectedRoutes" name="test_conversations_without_token_returns_401_or_403" time="0.110" /><testcase classname="backend.tests.test_auth.TestProtectedRoutes" name="test_conversations_with_valid_token_returns_user_data" time="0.519" /><testcase classname="backend.tests.test_auth.TestProtectedRoutes" name="test_vocabulary_without_token_returns_401_or_403" time="0.125" /><testcase classname="backend.tests.test_auth.TestProtectedRoutes" name="test_progress_without_token_returns_401_or_403" time="0.254" /><testcase classname="backend.tests.test_auth.TestProtectedRoutes" name="test_create_conversation_requires_auth" time="0.178" /><testcase classname="backend.tests.test_auth.TestUserDataIsolation" name="test_user_sees_only_own_conversations" time="1.070" /></testsuite></testsuites>