<?xml version="1.0" encoding="utf-8"?><testsuites name="pytest tests"><testsuite name="pytest" errors="0" failures="0" skipped="0" tests="12" time="3.986" timestamp="2026-02-28T05:07:08.979792+00:00" hostname="agent-env-2370ee83-eb40-4bea-b9c3-527911552620"><testcase classname="tests.test_check_pronunciation.TestCheckPronunciationToolRegistration" name="test_check_pronunciation_in_main_agent_tools" time="1.357" /><testcase classname="tests.test_check_pronunciation.TestCheckPronunciationToolRegistration" name="test_tool_labels_includes_check_pronunciation" time="0.000" /><testcase classname="tests.test_check_pronunciation.TestPronunciationFeedbackSubagent" name="test_subagent_function_exists" time="0.000" /><testcase classname="tests.test_check_pronunciation.TestPronunciationFeedbackSubagent" name="test_subagent_imported_in_tool_executor" time="0.000" /><testcase classname="tests.test_check_pronunciation.TestPronunciationFeedbackSubagent" name="test_substep_labels_include_subagent_tools" time="0.000" /><testcase classname="tests.test_check_pronunciation.TestPronunciationFeedbackSubagent" name="test_subagent_has_correct_signature" time="0.000" /><testcase classname="tests.test_check_pronunciation.TestToolExecutorRouting" name="test_execute_tool_has_check_pronunciation_case" time="0.003" /><testcase classname="tests.test_check_pronunciation.TestSystemPromptsUpdated" name="test_prompts_include_check_pronunciation" time="0.000" /><testcase classname="tests.test_check_pronunciation.TestAPIEndpoints" name="test_signup_user" time="0.154" /><testcase classname="tests.test_check_pronunciation.TestAPIEndpoints" name="test_login" time="0.314" /><testcase classname="tests.test_check_pronunciation.TestAPIEndpoints" name="test_create_conversation" time="1.976" /><testcase classname="tests.test_check_pronunciation.TestFavicon" name="test_favicon_svg_served" time="0.119" /></testsuite></testsuites>