<?xml version="1.0" encoding="utf-8"?><testsuites name="pytest tests"><testsuite name="pytest" errors="0" failures="1" skipped="0" tests="12" time="3.719" timestamp="2026-02-28T05:06:52.183483+00:00" hostname="agent-env-2370ee83-eb40-4bea-b9c3-527911552620"><testcase classname="tests.test_check_pronunciation.TestCheckPronunciationToolRegistration" name="test_check_pronunciation_in_main_agent_tools" time="1.376" /><testcase classname="tests.test_check_pronunciation.TestCheckPronunciationToolRegistration" name="test_tool_labels_includes_check_pronunciation" time="0.000" /><testcase classname="tests.test_check_pronunciation.TestPronunciationFeedbackSubagent" name="test_subagent_function_exists" time="0.000" /><testcase classname="tests.test_check_pronunciation.TestPronunciationFeedbackSubagent" name="test_subagent_imported_in_tool_executor" time="0.000" /><testcase classname="tests.test_check_pronunciation.TestPronunciationFeedbackSubagent" name="test_substep_labels_include_subagent_tools" time="0.000" /><testcase classname="tests.test_check_pronunciation.TestPronunciationFeedbackSubagent" name="test_subagent_has_correct_signature" time="0.000" /><testcase classname="tests.test_check_pronunciation.TestToolExecutorRouting" name="test_execute_tool_has_check_pronunciation_case" time="0.003" /><testcase classname="tests.test_check_pronunciation.TestSystemPromptsUpdated" name="test_prompts_include_check_pronunciation" time="0.000" /><testcase classname="tests.test_check_pronunciation.TestAPIEndpoints" name="test_signup_user" time="0.164"><failure message="AssertionError: Signup failed: {&quot;detail&quot;:&quot;Email already registered&quot;}&#10;assert 409 in [200, 400]&#10; +  where 409 = &lt;Response [409]&gt;.status_code">tests/test_check_pronunciation.py:160: in test_signup_user
    assert response.status_code in [200, 400], f"Signup failed: {response.text}"
E   AssertionError: Signup failed: {"detail":"Email already registered"}
E   assert 409 in [200, 400]
E    +  where 409 = &lt;Response [409]&gt;.status_code</failure></testcase><testcase classname="tests.test_check_pronunciation.TestAPIEndpoints" name="test_login" time="0.279" /><testcase classname="tests.test_check_pronunciation.TestAPIEndpoints" name="test_create_conversation" time="1.580" /><testcase classname="tests.test_check_pronunciation.TestFavicon" name="test_favicon_svg_served" time="0.164" /></testsuite></testsuites>