<?xml version="1.0" encoding="utf-8"?><testsuites name="pytest tests"><testsuite name="pytest" errors="0" failures="0" skipped="0" tests="15" time="2.105" timestamp="2026-03-05T11:13:26.496312+00:00" hostname="agent-env-2370ee83-eb40-4bea-b9c3-527911552620"><testcase classname="backend.tests.test_credit_history.TestCreditHistoryAuth" name="test_credit_history_without_auth_returns_unauthorized" time="0.127" /><testcase classname="backend.tests.test_credit_history.TestCreditHistoryAuth" name="test_credit_history_with_invalid_token_returns_401" time="0.106" /><testcase classname="backend.tests.test_credit_history.TestCreditHistoryBasic" name="test_credit_history_returns_200" time="0.470" /><testcase classname="backend.tests.test_credit_history.TestCreditHistoryBasic" name="test_credit_history_returns_correct_structure" time="0.144" /><testcase classname="backend.tests.test_credit_history.TestCreditHistoryBasic" name="test_credit_history_has_transactions" time="0.100" /><testcase classname="backend.tests.test_credit_history.TestCreditHistoryTransactionFields" name="test_usage_transaction_fields" time="0.119" /><testcase classname="backend.tests.test_credit_history.TestCreditHistoryTransactionFields" name="test_purchase_transaction_fields" time="0.107" /><testcase classname="backend.tests.test_credit_history.TestCreditHistoryFiltering" name="test_filter_by_usage_type" time="0.102" /><testcase classname="backend.tests.test_credit_history.TestCreditHistoryFiltering" name="test_filter_by_purchase_type" time="0.094" /><testcase classname="backend.tests.test_credit_history.TestCreditHistoryFiltering" name="test_no_filter_returns_all_types" time="0.117" /><testcase classname="backend.tests.test_credit_history.TestCreditHistoryPagination" name="test_default_pagination" time="0.110" /><testcase classname="backend.tests.test_credit_history.TestCreditHistoryPagination" name="test_custom_page_parameter" time="0.102" /><testcase classname="backend.tests.test_credit_history.TestCreditHistoryPagination" name="test_custom_limit_parameter" time="0.107" /><testcase classname="backend.tests.test_credit_history.TestCreditHistoryPagination" name="test_pagination_math" time="0.102" /><testcase classname="backend.tests.test_credit_history.TestCreditHistorySorting" name="test_transactions_sorted_by_date_descending" time="0.113" /></testsuite></testsuites>