<?xml version="1.0" encoding="utf-8"?><testsuites name="pytest tests"><testsuite name="pytest" errors="0" failures="0" skipped="0" tests="23" time="10.266" timestamp="2026-03-05T14:32:33.032801+00:00" hostname="agent-env-2370ee83-eb40-4bea-b9c3-527911552620"><testcase classname="backend.tests.test_credit_payment_system.TestPlansEndpoint" name="test_plans_returns_all_three_plans" time="0.252" /><testcase classname="backend.tests.test_credit_payment_system.TestPlansEndpoint" name="test_free_plan_pricing" time="0.130" /><testcase classname="backend.tests.test_credit_payment_system.TestPlansEndpoint" name="test_plus_plan_pricing" time="0.184" /><testcase classname="backend.tests.test_credit_payment_system.TestPlansEndpoint" name="test_pro_plan_pricing" time="0.131" /><testcase classname="backend.tests.test_credit_payment_system.TestSubscriptionEndpoint" name="test_subscription_returns_correct_plan_free" time="0.476" /><testcase classname="backend.tests.test_credit_payment_system.TestSubscriptionEndpoint" name="test_subscription_returns_correct_plan_plus" time="0.441" /><testcase classname="backend.tests.test_credit_payment_system.TestSubscriptionEndpoint" name="test_subscription_returns_correct_plan_pro" time="0.488" /><testcase classname="backend.tests.test_credit_payment_system.TestSubscriptionEndpoint" name="test_broke_user_has_zero_credits" time="0.445" /><testcase classname="backend.tests.test_credit_payment_system.TestConversationLimits" name="test_free_user_blocked_at_4th_conversation" time="0.256" /><testcase classname="backend.tests.test_credit_payment_system.TestConversationLimits" name="test_plus_user_blocked_at_11th_conversation" time="0.237" /><testcase classname="backend.tests.test_credit_payment_system.TestConversationLimits" name="test_pro_user_can_create_unlimited_conversations" time="1.979" /><testcase classname="backend.tests.test_credit_payment_system.TestConversationLimits" name="test_error_message_includes_plan_limit" time="0.290" /><testcase classname="backend.tests.test_credit_payment_system.TestCreditCheckOnMessages" name="test_zero_credit_user_gets_402_on_non_streaming_message" time="0.243" /><testcase classname="backend.tests.test_credit_payment_system.TestCreditCheckOnMessages" name="test_zero_credit_user_gets_402_on_streaming_message" time="0.218" /><testcase classname="backend.tests.test_credit_payment_system.TestCreditCheckOnMessages" name="test_zero_credit_user_gets_402_on_voice_message" time="0.236" /><testcase classname="backend.tests.test_credit_payment_system.TestCreditCheckOnMessages" name="test_user_with_credits_can_send_messages" time="2.063" /><testcase classname="backend.tests.test_credit_payment_system.TestCreateOrderEndpoint" name="test_create_order_rejects_free_plan" time="0.113" /><testcase classname="backend.tests.test_credit_payment_system.TestCreateOrderEndpoint" name="test_create_order_creates_valid_razorpay_order_plus" time="1.042" /><testcase classname="backend.tests.test_credit_payment_system.TestCreateOrderEndpoint" name="test_create_order_creates_valid_razorpay_order_pro" time="0.395" /><testcase classname="backend.tests.test_credit_payment_system.TestVerifyPaymentEndpoint" name="test_verify_payment_rejects_invalid_signature" time="0.127" /><testcase classname="backend.tests.test_credit_payment_system.TestCreditHistoryEndpoint" name="test_credit_history_returns_paginated_transactions" time="0.178" /><testcase classname="backend.tests.test_credit_payment_system.TestCreditHistoryEndpoint" name="test_credit_history_filter_by_usage" time="0.126" /><testcase classname="backend.tests.test_credit_payment_system.TestCreditHistoryEndpoint" name="test_credit_history_filter_by_purchase" time="0.130" /></testsuite></testsuites>