<?xml version="1.0" encoding="utf-8"?><testsuites name="pytest tests"><testsuite name="pytest" errors="0" failures="0" skipped="0" tests="20" time="24.563" timestamp="2026-03-05T16:51:47.805639+00:00" hostname="agent-env-2370ee83-eb40-4bea-b9c3-527911552620"><testcase classname="tests.test_credit_system_v2.TestPlansEndpoint" name="test_plans_returns_all_three_plans" time="0.261" /><testcase classname="tests.test_credit_system_v2.TestPlansEndpoint" name="test_free_plan_has_20_credits" time="0.134" /><testcase classname="tests.test_credit_system_v2.TestPlansEndpoint" name="test_plus_plan_has_1000_credits" time="0.113" /><testcase classname="tests.test_credit_system_v2.TestPlansEndpoint" name="test_pro_plan_has_5000_credits" time="0.106" /><testcase classname="tests.test_credit_system_v2.TestNewUserCredits" name="test_fresh_signup_gets_20_credits" time="0.537" /><testcase classname="tests.test_credit_system_v2.TestConversationLimits" name="test_free_user_blocked_at_4th_conversation" time="0.603" /><testcase classname="tests.test_credit_system_v2.TestConversationLimits" name="test_plus_user_blocked_at_11th_conversation" time="0.639" /><testcase classname="tests.test_credit_system_v2.TestConversationLimits" name="test_pro_user_can_create_unlimited_conversations" time="0.473" /><testcase classname="tests.test_credit_system_v2.TestCreditChecks" name="test_zero_credit_user_gets_402_on_message" time="0.700" /><testcase classname="tests.test_credit_system_v2.TestCreditChecks" name="test_zero_credit_user_gets_402_on_stream" time="0.613" /><testcase classname="tests.test_credit_system_v2.TestCreditHistory" name="test_credit_history_returns_transactions" time="0.578" /><testcase classname="tests.test_credit_system_v2.TestCreditHistory" name="test_credit_history_filter_by_usage" time="0.483" /><testcase classname="tests.test_credit_system_v2.TestCreditHistory" name="test_credit_history_filter_by_purchase" time="0.467" /><testcase classname="tests.test_credit_system_v2.TestSubscription" name="test_subscription_returns_plan_and_credits" time="0.473" /><testcase classname="tests.test_credit_system_v2.TestRazorpayOrders" name="test_create_order_rejects_free_plan" time="0.451" /><testcase classname="tests.test_credit_system_v2.TestRazorpayOrders" name="test_create_order_creates_order_for_plus" time="1.388" /><testcase classname="tests.test_credit_system_v2.TestRazorpayOrders" name="test_create_order_creates_order_for_pro" time="0.907" /><testcase classname="tests.test_credit_system_v2.TestCreditDeduction" name="test_credits_decrease_after_streaming_message" time="14.369" /><testcase classname="tests.test_credit_system_v2.TestCreditDeduction" name="test_transaction_log_shows_llm_tokens" time="0.546" /><testcase classname="tests.test_credit_system_v2.TestCreditDeduction" name="test_balance_after_matches_actual_credits" time="0.637" /></testsuite></testsuites>