<?xml version="1.0" encoding="utf-8"?><testsuites name="pytest tests"><testsuite name="pytest" errors="0" failures="0" skipped="0" tests="13" time="34.118" timestamp="2026-02-23T10:13:52.806905+00:00" hostname="agent-env-2370ee83-eb40-4bea-b9c3-527911552620"><testcase classname="backend.tests.test_curriculum_planning.TestConversationPhase" name="test_cross_language_conversation_starts_with_assessment_phase" time="2.385" /><testcase classname="backend.tests.test_curriculum_planning.TestConversationPhase" name="test_same_language_conversation_starts_with_learning_phase" time="2.039" /><testcase classname="backend.tests.test_curriculum_planning.TestConversationPhase" name="test_scenario_conversation_starts_with_learning_phase" time="2.075" /><testcase classname="backend.tests.test_curriculum_planning.TestConversationPhase" name="test_get_conversation_includes_phase" time="2.186" /><testcase classname="backend.tests.test_curriculum_planning.TestCurriculumEndpoint" name="test_get_curriculum_returns_404_when_no_curriculum" time="2.924" /><testcase classname="backend.tests.test_curriculum_planning.TestCurriculumEndpoint" name="test_get_curriculum_returns_404_for_nonexistent_conversation" time="0.102" /><testcase classname="backend.tests.test_curriculum_planning.TestCurriculumEndpoint" name="test_get_curriculum_for_existing_curriculum" time="0.091" /><testcase classname="backend.tests.test_curriculum_planning.TestCurriculumDataStructure" name="test_curriculum_lesson_structure" time="0.149" /><testcase classname="backend.tests.test_curriculum_planning.TestCurriculumDataStructure" name="test_curriculum_status_values" time="0.098" /><testcase classname="backend.tests.test_curriculum_planning.TestDeleteAllCleanupsChurricula" name="test_delete_all_cleans_up_conversations" time="2.974" /><testcase classname="backend.tests.test_curriculum_planning.TestMessagesDuringPlanningPhase" name="test_send_message_to_assessment_phase_conversation" time="14.842" /><testcase classname="backend.tests.test_curriculum_planning.TestMessagesDuringPlanningPhase" name="test_proficiency_assessment_triggers_planning_transition" time="2.127" /><testcase classname="backend.tests.test_curriculum_planning.TestListConversationsIncludesPhase" name="test_list_conversations_includes_phase_field" time="2.059" /></testsuite></testsuites>