<?xml version="1.0" encoding="utf-8"?><testsuites name="pytest tests"><testsuite name="pytest" errors="0" failures="0" skipped="0" tests="15" time="4.443" timestamp="2026-02-28T07:06:15.776431+00:00" hostname="agent-env-2370ee83-eb40-4bea-b9c3-527911552620"><testcase classname="tests.test_dual_whisper_pronunciation.TestCharitableTranscriptionParameter" name="test_check_pronunciation_tool_has_charitable_transcription" time="1.360" /><testcase classname="tests.test_dual_whisper_pronunciation.TestCharitableTranscriptionParameter" name="test_subagent_has_charitable_transcription_parameter" time="0.000" /><testcase classname="tests.test_dual_whisper_pronunciation.TestCharitableTranscriptionParameter" name="test_tool_executor_passes_charitable_transcription" time="0.003" /><testcase classname="tests.test_dual_whisper_pronunciation.TestDualWhisperCodeStructure" name="test_voice_route_has_dual_transcription" time="0.219" /><testcase classname="tests.test_dual_whisper_pronunciation.TestDualWhisperCodeStructure" name="test_voice_route_has_charitable_text_variable" time="0.000" /><testcase classname="tests.test_dual_whisper_pronunciation.TestDualWhisperCodeStructure" name="test_voice_route_builds_pronunciation_hint" time="0.000" /><testcase classname="tests.test_dual_whisper_pronunciation.TestDualWhisperCodeStructure" name="test_pronunciation_hint_contains_context_tag" time="0.000" /><testcase classname="tests.test_dual_whisper_pronunciation.TestDualWhisperCodeStructure" name="test_pronunciation_hint_appended_to_agent_history" time="0.000" /><testcase classname="tests.test_dual_whisper_pronunciation.TestSystemPromptsReferencePronunciationContext" name="test_tutor_prompt_mentions_pronunciation_context_tag" time="0.000" /><testcase classname="tests.test_dual_whisper_pronunciation.TestSystemPromptsReferencePronunciationContext" name="test_tutor_prompt_explains_charitable_transcription" time="0.000" /><testcase classname="tests.test_dual_whisper_pronunciation.TestLabelsIncludePronunciation" name="test_tool_labels_has_check_pronunciation" time="0.000" /><testcase classname="tests.test_dual_whisper_pronunciation.TestLabelsIncludePronunciation" name="test_substep_labels_has_pronunciation_tools" time="0.000" /><testcase classname="tests.test_dual_whisper_pronunciation.TestAPIEndpoints" name="test_create_conversation" time="2.788" /><testcase classname="tests.test_dual_whisper_pronunciation.TestSubagentImplementation" name="test_subagent_uses_charitable_transcription_in_context" time="0.002" /><testcase classname="tests.test_dual_whisper_pronunciation.TestSubagentImplementation" name="test_subagent_has_comparison_tools" time="0.001" /></testsuite></testsuites>