<?xml version="1.0" encoding="utf-8"?><testsuites name="pytest tests"><testsuite name="pytest" errors="0" failures="16" skipped="0" tests="26" time="14.558" timestamp="2026-02-28T07:53:52.425302+00:00" hostname="agent-env-2370ee83-eb40-4bea-b9c3-527911552620"><testcase classname="tests.test_expected_response_language.TestStripExpectLangRegex" name="test_regex_pattern_basic_en" time="0.000" /><testcase classname="tests.test_expected_response_language.TestStripExpectLangRegex" name="test_regex_pattern_french" time="0.000" /><testcase classname="tests.test_expected_response_language.TestStripExpectLangRegex" name="test_regex_pattern_with_hyphen_zh_cn" time="0.000" /><testcase classname="tests.test_expected_response_language.TestStripExpectLangRegex" name="test_regex_pattern_with_trailing_whitespace" time="0.000" /><testcase classname="tests.test_expected_response_language.TestStripExpectLangRegex" name="test_regex_stripping_logic" time="0.000" /><testcase classname="tests.test_expected_response_language.TestStripExpectLangRegex" name="test_regex_no_match_returns_none" time="0.000" /><testcase classname="tests.test_expected_response_language.TestToolDefinitions" name="test_no_check_pronunciation_in_main_tools" time="0.000"><failure message="ModuleNotFoundError: No module named 'agents'">tests/test_expected_response_language.py:87: in test_no_check_pronunciation_in_main_tools
    from agents.tools import MAIN_AGENT_TOOLS
E   ModuleNotFoundError: No module named 'agents'</failure></testcase><testcase classname="tests.test_expected_response_language.TestToolDefinitions" name="test_no_check_pronunciation_in_planner_tools" time="0.000"><failure message="ModuleNotFoundError: No module named 'agents'">tests/test_expected_response_language.py:93: in test_no_check_pronunciation_in_planner_tools
    from agents.tools import PLANNER_TOOLS
E   ModuleNotFoundError: No module named 'agents'</failure></testcase><testcase classname="tests.test_expected_response_language.TestToolDefinitions" name="test_no_check_pronunciation_label" time="0.000"><failure message="ModuleNotFoundError: No module named 'agents'">tests/test_expected_response_language.py:99: in test_no_check_pronunciation_label
    from agents.tool_executor import TOOL_LABELS
E   ModuleNotFoundError: No module named 'agents'</failure></testcase><testcase classname="tests.test_expected_response_language.TestSystemPrompts" name="test_tutor_prompt_voice_first_instructions" time="0.000"><failure message="ModuleNotFoundError: No module named 'agents'">tests/test_expected_response_language.py:109: in test_tutor_prompt_voice_first_instructions
    from agents.prompts import build_tutor_system_prompt
E   ModuleNotFoundError: No module named 'agents'</failure></testcase><testcase classname="tests.test_expected_response_language.TestSystemPrompts" name="test_tutor_prompt_pronunciation_breakdown" time="0.000"><failure message="ModuleNotFoundError: No module named 'agents'">tests/test_expected_response_language.py:118: in test_tutor_prompt_pronunciation_breakdown
    from agents.prompts import build_tutor_system_prompt
E   ModuleNotFoundError: No module named 'agents'</failure></testcase><testcase classname="tests.test_expected_response_language.TestSystemPrompts" name="test_tutor_prompt_expect_lang_mandatory" time="0.000"><failure message="ModuleNotFoundError: No module named 'agents'">tests/test_expected_response_language.py:127: in test_tutor_prompt_expect_lang_mandatory
    from agents.prompts import build_tutor_system_prompt
E   ModuleNotFoundError: No module named 'agents'</failure></testcase><testcase classname="tests.test_expected_response_language.TestSystemPrompts" name="test_same_language_prompt_has_expect_lang" time="0.000"><failure message="ModuleNotFoundError: No module named 'agents'">tests/test_expected_response_language.py:135: in test_same_language_prompt_has_expect_lang
    from agents.prompts import build_tutor_system_prompt
E   ModuleNotFoundError: No module named 'agents'</failure></testcase><testcase classname="tests.test_expected_response_language.TestSystemPrompts" name="test_planner_prompt_expect_lang" time="0.000"><failure message="ModuleNotFoundError: No module named 'agents'">tests/test_expected_response_language.py:142: in test_planner_prompt_expect_lang
    from agents.planner import CurriculumPlannerAgent
E   ModuleNotFoundError: No module named 'agents'</failure></testcase><testcase classname="tests.test_expected_response_language.TestVoiceRouteLanguageUsage" name="test_voice_route_code_reads_expected_response_language" time="0.000"><failure message="ModuleNotFoundError: No module named 'routes'">tests/test_expected_response_language.py:163: in test_voice_route_code_reads_expected_response_language
    from routes import voice
E   ModuleNotFoundError: No module named 'routes'</failure></testcase><testcase classname="tests.test_expected_response_language.TestVoiceRouteLanguageUsage" name="test_voice_route_single_whisper_call" time="0.000"><failure message="ModuleNotFoundError: No module named 'routes'">tests/test_expected_response_language.py:172: in test_voice_route_single_whisper_call
    from routes import voice
E   ModuleNotFoundError: No module named 'routes'</failure></testcase><testcase classname="tests.test_expected_response_language.TestVoiceRouteLanguageUsage" name="test_voice_route_uses_strip_expect_lang" time="0.000"><failure message="ModuleNotFoundError: No module named 'routes'">tests/test_expected_response_language.py:182: in test_voice_route_uses_strip_expect_lang
    from routes import voice
E   ModuleNotFoundError: No module named 'routes'</failure></testcase><testcase classname="tests.test_expected_response_language.TestConversationResponseModel" name="test_conversation_response_does_not_include_expected_response_language" time="0.000"><failure message="ModuleNotFoundError: No module named 'models'">tests/test_expected_response_language.py:194: in test_conversation_response_does_not_include_expected_response_language
    from models import ConversationResponse
E   ModuleNotFoundError: No module named 'models'</failure></testcase><testcase classname="tests.test_expected_response_language.TestConversationAPIAuth" name="test_create_conversation_returns_valid_response" time="2.725" /><testcase classname="tests.test_expected_response_language.TestConversationAPIAuth" name="test_welcome_message_no_expect_lang_tag" time="1.998" /><testcase classname="tests.test_expected_response_language.TestConversationAPIAuth" name="test_send_message_strips_expect_lang_from_response" time="7.711" /><testcase classname="tests.test_expected_response_language.TestMongoDBStorage" name="test_expected_response_language_saved_to_conversation" time="1.977" /><testcase classname="tests.test_expected_response_language.TestCodeStructure" name="test_conversations_route_has_strip_function" time="0.001"><failure message="ModuleNotFoundError: No module named 'routes'">tests/test_expected_response_language.py:353: in test_conversations_route_has_strip_function
    from routes import conversations
E   ModuleNotFoundError: No module named 'routes'</failure></testcase><testcase classname="tests.test_expected_response_language.TestCodeStructure" name="test_conversations_route_strips_in_create" time="0.000"><failure message="ModuleNotFoundError: No module named 'routes'">tests/test_expected_response_language.py:364: in test_conversations_route_strips_in_create
    from routes import conversations
E   ModuleNotFoundError: No module named 'routes'</failure></testcase><testcase classname="tests.test_expected_response_language.TestCodeStructure" name="test_conversations_route_strips_in_send_message" time="0.000"><failure message="ModuleNotFoundError: No module named 'routes'">tests/test_expected_response_language.py:375: in test_conversations_route_strips_in_send_message
    from routes import conversations
E   ModuleNotFoundError: No module named 'routes'</failure></testcase><testcase classname="tests.test_expected_response_language.TestCodeStructure" name="test_voice_route_imports_strip_function" time="0.000"><failure message="ModuleNotFoundError: No module named 'routes'">tests/test_expected_response_language.py:385: in test_voice_route_imports_strip_function
    from routes import voice
E   ModuleNotFoundError: No module named 'routes'</failure></testcase></testsuite></testsuites>