<?xml version="1.0" encoding="utf-8"?><testsuites name="pytest tests"><testsuite name="pytest" errors="0" failures="0" skipped="0" tests="7" time="10.830" timestamp="2026-02-23T11:57:03.356424+00:00" hostname="agent-env-2370ee83-eb40-4bea-b9c3-527911552620"><testcase classname="backend.tests.test_karaoke_tts.TestTTSEndpoint" name="test_tts_returns_audio_base64" time="2.296" /><testcase classname="backend.tests.test_karaoke_tts.TestTTSEndpoint" name="test_tts_audio_is_valid_base64" time="1.795" /><testcase classname="backend.tests.test_karaoke_tts.TestTTSEndpoint" name="test_tts_with_spanish_text" time="2.160" /><testcase classname="backend.tests.test_karaoke_tts.TestTTSEndpoint" name="test_tts_with_longer_text" time="3.063" /><testcase classname="backend.tests.test_karaoke_tts.TestTTSEndpoint" name="test_tts_empty_text_handling" time="0.149" /><testcase classname="backend.tests.test_karaoke_tts.TestTTSEndpoint" name="test_tts_content_type" time="1.070" /><testcase classname="backend.tests.test_karaoke_tts.TestConversationMessages" name="test_get_messages_for_karaoke" time="0.237" /></testsuite></testsuites>