<?xml version="1.0" encoding="utf-8"?><testsuites name="pytest tests"><testsuite name="pytest" errors="0" failures="0" skipped="0" tests="7" time="36.757" timestamp="2026-03-05T05:09:32.224036+00:00" hostname="agent-env-2370ee83-eb40-4bea-b9c3-527911552620"><testcase classname="backend.tests.test_language_toggle.TestLanguageToggleBackend" name="test_conversation_response_has_expected_response_language" time="0.546" /><testcase classname="backend.tests.test_language_toggle.TestLanguageToggleBackend" name="test_french_conversation_has_correct_fields" time="0.136" /><testcase classname="backend.tests.test_language_toggle.TestLanguageToggleBackend" name="test_create_conversation_with_different_languages" time="1.990" /><testcase classname="backend.tests.test_language_toggle.TestLanguageToggleBackend" name="test_create_same_language_conversation" time="1.583" /><testcase classname="backend.tests.test_language_toggle.TestLanguageToggleBackend" name="test_voice_endpoint_accepts_language_hint" time="6.943" /><testcase classname="backend.tests.test_language_toggle.TestLanguageToggleBackend" name="test_sse_text_stream_includes_expected_response_language" time="25.356" /><testcase classname="backend.tests.test_language_toggle.TestLanguageToggleBackend" name="test_languages_endpoint" time="0.120" /></testsuite></testsuites>