<?xml version="1.0" encoding="utf-8"?><testsuites name="pytest tests"><testsuite name="pytest" errors="0" failures="0" skipped="0" tests="13" time="6.356" timestamp="2026-03-05T09:37:24.532734+00:00" hostname="agent-env-2370ee83-eb40-4bea-b9c3-527911552620"><testcase classname="tests.test_payments.TestPaymentsAPI" name="test_get_plans_returns_200" time="0.455" /><testcase classname="tests.test_payments.TestPaymentsAPI" name="test_get_plans_returns_three_plans" time="0.381" /><testcase classname="tests.test_payments.TestPaymentsAPI" name="test_get_plans_free_plan_details" time="0.386" /><testcase classname="tests.test_payments.TestPaymentsAPI" name="test_get_plans_plus_plan_details" time="0.385" /><testcase classname="tests.test_payments.TestPaymentsAPI" name="test_get_plans_pro_plan_details" time="0.373" /><testcase classname="tests.test_payments.TestPaymentsAPI" name="test_subscription_without_auth_returns_401" time="0.452" /><testcase classname="tests.test_payments.TestPaymentsAPI" name="test_subscription_with_auth_returns_200" time="0.375" /><testcase classname="tests.test_payments.TestPaymentsAPI" name="test_subscription_defaults_to_free_plan" time="0.444" /><testcase classname="tests.test_payments.TestPaymentsAPI" name="test_create_order_without_auth_returns_401" time="0.425" /><testcase classname="tests.test_payments.TestPaymentsAPI" name="test_create_order_free_plan_returns_400" time="0.363" /><testcase classname="tests.test_payments.TestPaymentsAPI" name="test_create_order_plus_plan_returns_razorpay_order" time="1.195" /><testcase classname="tests.test_payments.TestPaymentsAPI" name="test_create_order_pro_plan_returns_razorpay_order" time="0.685" /><testcase classname="tests.test_payments.TestPaymentsAPI" name="test_create_order_invalid_plan_returns_400" time="0.370" /></testsuite></testsuites>