<?xml version="1.0" encoding="utf-8"?><testsuites name="pytest tests"><testsuite name="pytest" errors="0" failures="1" skipped="0" tests="41" time="16.608" timestamp="2026-03-08T06:24:59.919080+00:00" hostname="agent-env-2370ee83-eb40-4bea-b9c3-527911552620"><testcase classname="tests.test_proficiency_prompts.TestBuildProficiencyBlock" name="test_build_proficiency_block_returns_empty_for_none_level" time="1.455" /><testcase classname="tests.test_proficiency_prompts.TestBuildProficiencyBlock" name="test_build_proficiency_block_returns_empty_for_empty_level" time="0.000" /><testcase classname="tests.test_proficiency_prompts.TestBuildProficiencyBlock" name="test_beginner_different_language_has_80_20_mix" time="0.000" /><testcase classname="tests.test_proficiency_prompts.TestBuildProficiencyBlock" name="test_beginner_same_language_no_mix_ratio" time="0.000" /><testcase classname="tests.test_proficiency_prompts.TestBuildProficiencyBlock" name="test_intermediate_different_language_has_50_50_mix" time="0.000" /><testcase classname="tests.test_proficiency_prompts.TestBuildProficiencyBlock" name="test_intermediate_same_language_no_mix_ratio" time="0.000" /><testcase classname="tests.test_proficiency_prompts.TestBuildProficiencyBlock" name="test_advanced_different_language_has_90_plus_target" time="0.000" /><testcase classname="tests.test_proficiency_prompts.TestBuildProficiencyBlock" name="test_advanced_same_language_no_mix_ratio" time="0.000" /><testcase classname="tests.test_proficiency_prompts.TestBuildProficiencyBlock" name="test_beginner_has_word_introductions_section" time="0.000" /><testcase classname="tests.test_proficiency_prompts.TestBuildProficiencyBlock" name="test_beginner_has_pronunciation_section" time="0.000" /><testcase classname="tests.test_proficiency_prompts.TestBuildProficiencyBlock" name="test_beginner_has_scaffolding_section" time="0.000" /><testcase classname="tests.test_proficiency_prompts.TestBuildProficiencyBlock" name="test_beginner_has_grammar_section" time="0.000" /><testcase classname="tests.test_proficiency_prompts.TestBuildProficiencyBlock" name="test_beginner_has_encouragement_section" time="0.000" /><testcase classname="tests.test_proficiency_prompts.TestBuildProficiencyBlock" name="test_intermediate_has_open_ended_prompts" time="0.000" /><testcase classname="tests.test_proficiency_prompts.TestBuildProficiencyBlock" name="test_advanced_has_peer_treatment" time="0.000" /><testcase classname="tests.test_proficiency_prompts.TestBuildProficiencyBlock" name="test_unknown_level_returns_empty" time="0.000" /><testcase classname="tests.test_proficiency_prompts.TestTutorAgentProficiencyIntegration" name="test_tutor_agent_includes_proficiency_block_for_beginner" time="0.000" /><testcase classname="tests.test_proficiency_prompts.TestTutorAgentProficiencyIntegration" name="test_tutor_agent_includes_proficiency_block_for_intermediate" time="0.000" /><testcase classname="tests.test_proficiency_prompts.TestTutorAgentProficiencyIntegration" name="test_tutor_agent_includes_proficiency_block_for_advanced" time="0.000" /><testcase classname="tests.test_proficiency_prompts.TestTutorAgentProficiencyIntegration" name="test_tutor_agent_no_proficiency_block_when_none" time="0.000" /><testcase classname="tests.test_proficiency_prompts.TestTutorAgentProficiencyIntegration" name="test_tutor_agent_same_language_beginner" time="0.000" /><testcase classname="tests.test_proficiency_prompts.TestPlannerAgentProficiencyCurriculumGuide" name="test_planner_beginner_has_curriculum_guide" time="0.000" /><testcase classname="tests.test_proficiency_prompts.TestPlannerAgentProficiencyCurriculumGuide" name="test_planner_intermediate_has_curriculum_guide" time="0.000" /><testcase classname="tests.test_proficiency_prompts.TestPlannerAgentProficiencyCurriculumGuide" name="test_planner_advanced_has_curriculum_guide" time="0.000" /><testcase classname="tests.test_proficiency_prompts.TestPlannerAgentProficiencyCurriculumGuide" name="test_planner_unknown_level_no_curriculum_guide" time="0.000" /><testcase classname="tests.test_proficiency_prompts.TestTestingAgentProficiencyTestGuide" name="test_testing_agent_beginner_has_test_guide" time="0.001" /><testcase classname="tests.test_proficiency_prompts.TestTestingAgentProficiencyTestGuide" name="test_testing_agent_intermediate_has_test_guide" time="0.000" /><testcase classname="tests.test_proficiency_prompts.TestTestingAgentProficiencyTestGuide" name="test_testing_agent_advanced_has_test_guide" time="0.000" /><testcase classname="tests.test_proficiency_prompts.TestTestingAgentProficiencyTestGuide" name="test_testing_agent_unknown_level_no_test_guide" time="0.000" /><testcase classname="tests.test_proficiency_prompts.TestRevisionAgentProficiencyRevisionGuide" name="test_revision_agent_beginner_has_revision_guide" time="0.000" /><testcase classname="tests.test_proficiency_prompts.TestRevisionAgentProficiencyRevisionGuide" name="test_revision_agent_intermediate_has_revision_guide" time="0.000" /><testcase classname="tests.test_proficiency_prompts.TestRevisionAgentProficiencyRevisionGuide" name="test_revision_agent_advanced_has_revision_guide" time="0.000" /><testcase classname="tests.test_proficiency_prompts.TestRevisionAgentProficiencyRevisionGuide" name="test_revision_agent_unknown_level_no_revision_guide" time="0.000" /><testcase classname="tests.test_proficiency_prompts.TestBackendAPIHealth" name="test_backend_health_check" time="0.322"><failure message="assert 404 == 200&#10; +  where 404 = &lt;Response [404]&gt;.status_code">tests/test_proficiency_prompts.py:421: in test_backend_health_check
    assert response.status_code == 200
E   assert 404 == 200
E    +  where 404 = &lt;Response [404]&gt;.status_code</failure></testcase><testcase classname="tests.test_proficiency_prompts.TestBackendAPIHealth" name="test_auth_login" time="0.370" /><testcase classname="tests.test_proficiency_prompts.TestConversationCreationAndProficiency" name="test_create_conversation_success" time="2.119" /><testcase classname="tests.test_proficiency_prompts.TestConversationCreationAndProficiency" name="test_set_proficiency_level_beginner" time="1.993" /><testcase classname="tests.test_proficiency_prompts.TestConversationCreationAndProficiency" name="test_set_proficiency_level_intermediate" time="2.145" /><testcase classname="tests.test_proficiency_prompts.TestConversationCreationAndProficiency" name="test_set_proficiency_level_advanced" time="2.907" /><testcase classname="tests.test_proficiency_prompts.TestConversationCreationAndProficiency" name="test_set_proficiency_level_invalid_defaults_to_beginner" time="2.036" /><testcase classname="tests.test_proficiency_prompts.TestMessageStreamEndpoint" name="test_message_stream_returns_sse" time="3.094" /></testsuite></testsuites>