<?xml version="1.0" encoding="utf-8"?><testsuites name="pytest tests"><testsuite name="pytest" errors="0" failures="0" skipped="0" tests="6" time="29.169" timestamp="2026-02-23T11:35:07.232423+00:00" hostname="agent-env-2370ee83-eb40-4bea-b9c3-527911552620"><testcase classname="tests.test_sse_text_streaming.TestSSETextStreaming" name="test_stream_endpoint_returns_event_stream" time="1.932" /><testcase classname="tests.test_sse_text_streaming.TestSSETextStreaming" name="test_stream_emits_text_delta_events" time="2.635" /><testcase classname="tests.test_sse_text_streaming.TestSSETextStreaming" name="test_text_delta_concatenation_equals_final_content" time="3.477" /><testcase classname="tests.test_sse_text_streaming.TestSSETextStreaming" name="test_done_event_contains_user_and_ai_messages" time="3.923" /><testcase classname="tests.test_sse_text_streaming.TestSSEStreamingWithTools" name="test_tool_events_appear_before_text_deltas" time="13.938" /><testcase classname="tests.test_sse_text_streaming.TestSSEStreamingWithTools" name="test_text_delta_event_format" time="3.200" /></testsuite></testsuites>