<?xml version="1.0" encoding="utf-8"?><testsuites name="pytest tests"><testsuite name="pytest" errors="6" failures="0" skipped="0" tests="6" time="1.024" timestamp="2026-03-04T07:02:34.680689+00:00" hostname="agent-env-2370ee83-eb40-4bea-b9c3-527911552620"><testcase classname="backend.tests.test_sse_text_streaming.TestSSETextStreaming" name="test_stream_endpoint_returns_event_stream" time="0.276"><error message="failed on setup with &quot;assert 403 == 200&#10; +  where 403 = &lt;Response [403]&gt;.status_code&quot;">backend/tests/test_sse_text_streaming.py:27: in setup
    assert response.status_code == 200
E   assert 403 == 200
E    +  where 403 = &lt;Response [403]&gt;.status_code</error></testcase><testcase classname="backend.tests.test_sse_text_streaming.TestSSETextStreaming" name="test_stream_emits_text_delta_events" time="0.128"><error message="failed on setup with &quot;assert 403 == 200&#10; +  where 403 = &lt;Response [403]&gt;.status_code&quot;">backend/tests/test_sse_text_streaming.py:27: in setup
    assert response.status_code == 200
E   assert 403 == 200
E    +  where 403 = &lt;Response [403]&gt;.status_code</error></testcase><testcase classname="backend.tests.test_sse_text_streaming.TestSSETextStreaming" name="test_text_delta_concatenation_equals_final_content" time="0.141"><error message="failed on setup with &quot;assert 403 == 200&#10; +  where 403 = &lt;Response [403]&gt;.status_code&quot;">backend/tests/test_sse_text_streaming.py:27: in setup
    assert response.status_code == 200
E   assert 403 == 200
E    +  where 403 = &lt;Response [403]&gt;.status_code</error></testcase><testcase classname="backend.tests.test_sse_text_streaming.TestSSETextStreaming" name="test_done_event_contains_user_and_ai_messages" time="0.109"><error message="failed on setup with &quot;assert 403 == 200&#10; +  where 403 = &lt;Response [403]&gt;.status_code&quot;">backend/tests/test_sse_text_streaming.py:27: in setup
    assert response.status_code == 200
E   assert 403 == 200
E    +  where 403 = &lt;Response [403]&gt;.status_code</error></testcase><testcase classname="backend.tests.test_sse_text_streaming.TestSSEStreamingWithTools" name="test_tool_events_appear_before_text_deltas" time="0.178"><error message="failed on setup with &quot;assert 403 == 200&#10; +  where 403 = &lt;Response [403]&gt;.status_code&quot;">backend/tests/test_sse_text_streaming.py:173: in setup
    assert response.status_code == 200
E   assert 403 == 200
E    +  where 403 = &lt;Response [403]&gt;.status_code</error></testcase><testcase classname="backend.tests.test_sse_text_streaming.TestSSEStreamingWithTools" name="test_text_delta_event_format" time="0.103"><error message="failed on setup with &quot;assert 403 == 200&#10; +  where 403 = &lt;Response [403]&gt;.status_code&quot;">backend/tests/test_sse_text_streaming.py:173: in setup
    assert response.status_code == 200
E   assert 403 == 200
E    +  where 403 = &lt;Response [403]&gt;.status_code</error></testcase></testsuite></testsuites>