<?xml version="1.0" encoding="utf-8"?><testsuites name="pytest tests"><testsuite name="pytest" errors="0" failures="0" skipped="0" tests="8" time="40.738" timestamp="2026-03-04T07:09:47.798029+00:00" hostname="agent-env-2370ee83-eb40-4bea-b9c3-527911552620"><testcase classname="backend.tests.test_sse_streaming_auth.TestSSETextStreaming" name="test_stream_endpoint_returns_event_stream" time="3.757" /><testcase classname="backend.tests.test_sse_streaming_auth.TestSSETextStreaming" name="test_stream_emits_thinking_event" time="0.100" /><testcase classname="backend.tests.test_sse_streaming_auth.TestSSETextStreaming" name="test_stream_emits_text_delta_events" time="3.273" /><testcase classname="backend.tests.test_sse_streaming_auth.TestSSETextStreaming" name="test_text_delta_concatenation_contains_final_content" time="4.456" /><testcase classname="backend.tests.test_sse_streaming_auth.TestSSETextStreaming" name="test_done_event_contains_messages_and_audio" time="7.294" /><testcase classname="backend.tests.test_sse_streaming_auth.TestSSEToolEvents" name="test_tool_events_structure" time="21.433" /><testcase classname="backend.tests.test_sse_streaming_auth.TestSSEAuthentication" name="test_stream_requires_auth" time="0.124" /><testcase classname="backend.tests.test_sse_streaming_auth.TestSSEAuthentication" name="test_stream_rejects_invalid_token" time="0.235" /></testsuite></testsuites>