<?xml version="1.0" encoding="utf-8"?><testsuites name="pytest tests"><testsuite name="pytest" errors="0" failures="0" skipped="0" tests="7" time="29.655" timestamp="2026-02-23T11:17:47.234685+00:00" hostname="agent-env-2370ee83-eb40-4bea-b9c3-527911552620"><testcase classname="backend.tests.test_sse_tool_activity.TestSSEStreaming" name="test_sse_endpoint_content_type" time="0.371" /><testcase classname="backend.tests.test_sse_tool_activity.TestSSEStreaming" name="test_sse_returns_thinking_and_done_events" time="1.749" /><testcase classname="backend.tests.test_sse_tool_activity.TestSSEStreaming" name="test_done_event_includes_messages_with_tool_activity" time="2.014" /><testcase classname="backend.tests.test_sse_tool_activity.TestSSEStreaming" name="test_get_messages_returns_tool_activity" time="0.343" /><testcase classname="backend.tests.test_sse_tool_activity.TestToolActivityTrigger" name="test_grammar_check_triggers_tool_activity" time="22.978" /><testcase classname="backend.tests.test_sse_tool_activity.TestConversationIntegration" name="test_new_conversation_welcome_message" time="1.939" /><testcase classname="backend.tests.test_sse_tool_activity.TestConversationIntegration" name="test_message_response_model_includes_tool_activity" time="0.200" /></testsuite></testsuites>