<?xml version="1.0" encoding="utf-8"?><testsuites name="pytest tests"><testsuite name="pytest" errors="0" failures="0" skipped="1" tests="21" time="3.817" timestamp="2026-03-10T15:56:35.584824+00:00" hostname="agent-env-2370ee83-eb40-4bea-b9c3-527911552620"><testcase classname="backend.tests.test_subscription_downgrade_flow.TestPlansEndpoint" name="test_plans_returns_3_plans" time="0.304" /><testcase classname="backend.tests.test_subscription_downgrade_flow.TestPlansEndpoint" name="test_plans_have_required_fields" time="0.112" /><testcase classname="backend.tests.test_subscription_downgrade_flow.TestPlansEndpoint" name="test_free_plan_correct_values" time="0.066" /><testcase classname="backend.tests.test_subscription_downgrade_flow.TestPlansEndpoint" name="test_plus_plan_correct_values" time="0.065" /><testcase classname="backend.tests.test_subscription_downgrade_flow.TestPlansEndpoint" name="test_pro_plan_correct_values" time="0.065" /><testcase classname="backend.tests.test_subscription_downgrade_flow.TestSubscriptionEndpoint" name="test_subscription_returns_200" time="0.373" /><testcase classname="backend.tests.test_subscription_downgrade_flow.TestSubscriptionEndpoint" name="test_subscription_has_required_fields" time="0.053" /><testcase classname="backend.tests.test_subscription_downgrade_flow.TestSubscriptionEndpoint" name="test_subscription_returns_all_expected_fields" time="0.055" /><testcase classname="backend.tests.test_subscription_downgrade_flow.TestSubscriptionEndpoint" name="test_subscription_requires_auth" time="0.052" /><testcase classname="backend.tests.test_subscription_downgrade_flow.TestChangePlanEndpoint" name="test_change_plan_same_plan_returns_400" time="0.131" /><testcase classname="backend.tests.test_subscription_downgrade_flow.TestChangePlanEndpoint" name="test_change_plan_upgrade_returns_400" time="0.095"><skipped type="pytest.skip" message="User already on pro plan, cannot test upgrade rejection">/app/backend/tests/test_subscription_downgrade_flow.py:219: User already on pro plan, cannot test upgrade rejection</skipped></testcase><testcase classname="backend.tests.test_subscription_downgrade_flow.TestChangePlanEndpoint" name="test_change_plan_invalid_plan_returns_400" time="0.059" /><testcase classname="backend.tests.test_subscription_downgrade_flow.TestChangePlanEndpoint" name="test_change_plan_requires_auth" time="0.055" /><testcase classname="backend.tests.test_subscription_downgrade_flow.TestChangePlanEndpoint" name="test_change_plan_downgrade_to_free" time="1.856" /><testcase classname="backend.tests.test_subscription_downgrade_flow.TestWebhookEndpoint" name="test_webhook_rejects_invalid_signature" time="0.056" /><testcase classname="backend.tests.test_subscription_downgrade_flow.TestWebhookEndpoint" name="test_webhook_accepts_valid_signature" time="0.061" /><testcase classname="backend.tests.test_subscription_downgrade_flow.TestWebhookEndpoint" name="test_webhook_subscription_charged_event" time="0.052" /><testcase classname="backend.tests.test_subscription_downgrade_flow.TestWebhookEndpoint" name="test_webhook_subscription_cancelled_event" time="0.051" /><testcase classname="backend.tests.test_subscription_downgrade_flow.TestWebhookEndpoint" name="test_webhook_subscription_halted_event" time="0.059" /><testcase classname="backend.tests.test_subscription_downgrade_flow.TestDowngradeFlowLogic" name="test_subscription_status_field_values" time="0.052" /><testcase classname="backend.tests.test_subscription_downgrade_flow.TestDowngradeFlowLogic" name="test_pending_plan_field_present" time="0.062" /></testsuite></testsuites>