<?xml version="1.0" encoding="utf-8"?><testsuites name="pytest tests"><testsuite name="pytest" errors="0" failures="0" skipped="1" tests="21" time="7.324" timestamp="2026-03-07T08:08:46.283710+00:00" hostname="agent-env-2370ee83-eb40-4bea-b9c3-527911552620"><testcase classname="backend.tests.test_subscription_payments.TestPlansEndpoint" name="test_plans_returns_three_plans" time="0.149" /><testcase classname="backend.tests.test_subscription_payments.TestPlansEndpoint" name="test_free_plan_inr_pricing" time="0.052" /><testcase classname="backend.tests.test_subscription_payments.TestPlansEndpoint" name="test_plus_plan_inr_pricing" time="0.048" /><testcase classname="backend.tests.test_subscription_payments.TestPlansEndpoint" name="test_pro_plan_inr_pricing" time="0.049" /><testcase classname="backend.tests.test_subscription_payments.TestPlansEndpoint" name="test_all_plans_have_price_display_field" time="0.050" /><testcase classname="backend.tests.test_subscription_payments.TestSubscriptionEndpoint" name="test_subscription_auto_creates_free_plan" time="0.323" /><testcase classname="backend.tests.test_subscription_payments.TestSubscriptionEndpoint" name="test_subscription_has_required_fields" time="0.050" /><testcase classname="backend.tests.test_subscription_payments.TestCreateSubscription" name="test_create_subscription_rejects_free_plan" time="0.047" /><testcase classname="backend.tests.test_subscription_payments.TestCreateSubscription" name="test_create_subscription_plus_plan" time="2.062" /><testcase classname="backend.tests.test_subscription_payments.TestCreateSubscription" name="test_create_subscription_pro_plan" time="1.846" /><testcase classname="backend.tests.test_subscription_payments.TestCreateSubscription" name="test_create_subscription_returns_key_id" time="1.704" /><testcase classname="backend.tests.test_subscription_payments.TestCancelSubscription" name="test_cancel_subscription_rejects_free_user" time="0.048" /><testcase classname="backend.tests.test_subscription_payments.TestChangePlan" name="test_change_plan_rejects_same_plan" time="0.053" /><testcase classname="backend.tests.test_subscription_payments.TestChangePlan" name="test_change_plan_rejects_upgrade_from_free" time="0.044" /><testcase classname="backend.tests.test_subscription_payments.TestCreditHistory" name="test_credit_history_works_with_pagination" time="0.051" /><testcase classname="backend.tests.test_subscription_payments.TestCreditChecks" name="test_zero_credit_user_gets_402_on_conversation_creation" time="0.364" /><testcase classname="backend.tests.test_subscription_payments.TestCreditChecks" name="test_zero_credit_user_gets_402_on_message_stream" time="0.100" /><testcase classname="backend.tests.test_subscription_payments.TestConversationLimits" name="test_free_user_conversation_limit" time="0.066"><skipped type="pytest.skip" message="User has only 0 conversations, not at limit yet">/app/backend/tests/test_subscription_payments.py:417: User has only 0 conversations, not at limit yet</skipped></testcase><testcase classname="backend.tests.test_subscription_payments.TestAdminEndpoints" name="test_admin_add_credits_with_valid_key" time="0.060" /><testcase classname="backend.tests.test_subscription_payments.TestAdminEndpoints" name="test_admin_add_credits_rejects_invalid_key" time="0.050" /><testcase classname="backend.tests.test_subscription_payments.TestWebhook" name="test_webhook_rejects_invalid_signature" time="0.055" /></testsuite></testsuites>