<?xml version="1.0" encoding="utf-8"?><testsuites name="pytest tests"><testsuite name="pytest" errors="0" failures="0" skipped="0" tests="8" time="17.106" timestamp="2026-02-23T01:37:00.052287+00:00" hostname="agent-env-2370ee83-eb40-4bea-b9c3-527911552620"><testcase classname="tests.test_delete_features.TestConversationCRUD" name="test_create_conversation" time="0.443" /><testcase classname="tests.test_delete_features.TestConversationCRUD" name="test_list_conversations" time="0.451" /><testcase classname="tests.test_delete_features.TestDeleteSingleConversation" name="test_delete_single_conversation" time="0.822" /><testcase classname="tests.test_delete_features.TestDeleteSingleConversation" name="test_delete_conversation_with_messages" time="3.095" /><testcase classname="tests.test_delete_features.TestDeleteAllConversations" name="test_delete_all_conversations" time="0.798" /><testcase classname="tests.test_delete_features.TestDeleteAllConversations" name="test_delete_all_returns_count" time="0.554" /><testcase classname="tests.test_delete_features.TestAIPersonality" name="test_ai_response_avoids_robotic_phrases" time="8.010" /><testcase classname="tests.test_delete_features.TestAIPersonality" name="test_ai_response_is_conversational" time="2.868" /></testsuite></testsuites>