<?xml version="1.0" encoding="utf-8"?><testsuites name="pytest tests"><testsuite name="pytest" errors="0" failures="0" skipped="0" tests="15" time="2.677" timestamp="2026-03-04T06:17:43.288181+00:00" hostname="agent-env-2370ee83-eb40-4bea-b9c3-527911552620"><testcase classname="backend.tests.test_vocabulary.TestVocabularyToolDefinition" name="test_save_vocabulary_tool_exists_in_main_agent_tools" time="1.424" /><testcase classname="backend.tests.test_vocabulary.TestVocabularyToolDefinition" name="test_save_vocabulary_tool_has_correct_schema" time="0.000" /><testcase classname="backend.tests.test_vocabulary.TestVocabularyToolDefinition" name="test_save_vocabulary_tool_has_correct_description" time="0.000" /><testcase classname="backend.tests.test_vocabulary.TestVocabularyToolExecutor" name="test_save_vocabulary_in_tool_labels" time="0.000" /><testcase classname="backend.tests.test_vocabulary.TestVocabularyAPIEndpoints" name="test_list_vocabulary_returns_list" time="0.432" /><testcase classname="backend.tests.test_vocabulary.TestVocabularyAPIEndpoints" name="test_save_vocabulary_creates_word" time="0.056" /><testcase classname="backend.tests.test_vocabulary.TestVocabularyAPIEndpoints" name="test_list_vocabulary_shows_saved_word" time="0.055" /><testcase classname="backend.tests.test_vocabulary.TestVocabularyAPIEndpoints" name="test_save_vocabulary_minimal_fields" time="0.050" /><testcase classname="backend.tests.test_vocabulary.TestVocabularyAPIEndpoints" name="test_save_vocabulary_missing_word_fails" time="0.052" /><testcase classname="backend.tests.test_vocabulary.TestVocabularyAPIEndpoints" name="test_save_vocabulary_missing_definition_fails" time="0.049" /><testcase classname="backend.tests.test_vocabulary.TestVocabularyAPIEndpoints" name="test_delete_vocabulary_removes_word" time="0.148" /><testcase classname="backend.tests.test_vocabulary.TestVocabularyAPIEndpoints" name="test_vocabulary_requires_authentication" time="0.199" /><testcase classname="backend.tests.test_vocabulary.TestVocabularyPromptUpdates" name="test_tutor_prompt_mentions_save_vocabulary" time="0.000" /><testcase classname="backend.tests.test_vocabulary.TestVocabularyPromptUpdates" name="test_tutor_prompt_tool_list_includes_save_vocabulary" time="0.000" /><testcase classname="backend.tests.test_vocabulary.TestCleanup" name="test_cleanup_test_words" time="0.145" /></testsuite></testsuites>