<?xml version="1.0" encoding="utf-8"?><testsuites name="pytest tests"><testsuite name="pytest" errors="0" failures="0" skipped="0" tests="7" time="33.845" timestamp="2026-03-10T12:27:05.507453+00:00" hostname="agent-env-2370ee83-eb40-4bea-b9c3-527911552620"><testcase classname="backend.tests.test_voice_mode_streaming.TestSSEStreamingForVoiceMode" name="test_sse_stream_returns_done_event_with_messages" time="8.648" /><testcase classname="backend.tests.test_voice_mode_streaming.TestSSEStreamingForVoiceMode" name="test_sse_stream_includes_audio_in_done_event" time="5.651" /><testcase classname="backend.tests.test_voice_mode_streaming.TestSSEStreamingForVoiceMode" name="test_text_delta_events_contain_content" time="9.059" /><testcase classname="backend.tests.test_voice_mode_streaming.TestTTSEndpoint" name="test_tts_endpoint_generates_audio" time="2.882" /><testcase classname="backend.tests.test_voice_mode_streaming.TestTTSEndpoint" name="test_tts_endpoint_requires_text" time="0.442" /><testcase classname="backend.tests.test_voice_mode_streaming.TestVoiceMessageEndpoint" name="test_voice_message_endpoint_exists" time="6.473" /><testcase classname="backend.tests.test_voice_mode_streaming.TestMessageListBehavior" name="test_messages_endpoint_returns_valid_structure" time="0.625" /></testsuite></testsuites>