<?xml version="1.0" encoding="utf-8"?><testsuites name="pytest tests"><testsuite name="pytest" errors="0" failures="0" skipped="0" tests="7" time="38.790" timestamp="2026-03-10T10:40:25.403731+00:00" hostname="agent-env-2370ee83-eb40-4bea-b9c3-527911552620"><testcase classname="tests.test_voice_mode_streaming.TestSSEStreamingForVoiceMode" name="test_sse_stream_returns_done_event_with_messages" time="7.736" /><testcase classname="tests.test_voice_mode_streaming.TestSSEStreamingForVoiceMode" name="test_sse_stream_includes_audio_in_done_event" time="11.447" /><testcase classname="tests.test_voice_mode_streaming.TestSSEStreamingForVoiceMode" name="test_text_delta_events_contain_content" time="9.715" /><testcase classname="tests.test_voice_mode_streaming.TestTTSEndpoint" name="test_tts_endpoint_generates_audio" time="1.801" /><testcase classname="tests.test_voice_mode_streaming.TestTTSEndpoint" name="test_tts_endpoint_requires_text" time="0.473" /><testcase classname="tests.test_voice_mode_streaming.TestVoiceMessageEndpoint" name="test_voice_message_endpoint_exists" time="6.989" /><testcase classname="tests.test_voice_mode_streaming.TestMessageListBehavior" name="test_messages_endpoint_returns_valid_structure" time="0.564" /></testsuite></testsuites>