<?xml version="1.0" encoding="utf-8"?><testsuites name="pytest tests"><testsuite name="pytest" errors="0" failures="0" skipped="0" tests="9" time="50.387" timestamp="2026-03-04T07:24:44.333707+00:00" hostname="agent-env-2370ee83-eb40-4bea-b9c3-527911552620"><testcase classname="tests.test_voice_sse_streaming.TestVoiceSSEStreaming" name="test_voice_endpoint_returns_event_stream" time="1.678" /><testcase classname="tests.test_voice_sse_streaming.TestVoiceSSEStreaming" name="test_voice_sse_emits_transcription_event" time="1.274" /><testcase classname="tests.test_voice_sse_streaming.TestVoiceSSEStreaming" name="test_voice_sse_emits_agent_events" time="7.394" /><testcase classname="tests.test_voice_sse_streaming.TestVoiceSSEStreaming" name="test_voice_sse_done_event_structure" time="7.486" /><testcase classname="tests.test_voice_sse_streaming.TestVoiceSSEStreaming" name="test_voice_endpoint_requires_auth" time="0.143" /><testcase classname="tests.test_voice_sse_streaming.TestKeyboardSSENoRegression" name="test_keyboard_stream_returns_event_stream" time="0.055" /><testcase classname="tests.test_voice_sse_streaming.TestKeyboardSSENoRegression" name="test_keyboard_stream_emits_done_event" time="10.569" /><testcase classname="tests.test_voice_sse_streaming.TestKeyboardSSENoRegression" name="test_keyboard_stream_requires_auth" time="0.119" /><testcase classname="tests.test_voice_sse_streaming.TestVoiceKeyboardParity" name="test_both_return_same_event_structure" time="21.610" /></testsuite></testsuites>